<?xml version="1.0" encoding="UTF-8"?>
<!-- Generated by org.testng.reporters.JUnitReportReporter -->
<testsuite hostname="DESKTOP-64G5VC5" failures="0" tests="1" name="automation.testscript.AlertPopUp" time="20.746" errors="0" timestamp="2022-11-16T19:05:39 IST" skipped="0">
  <testcase classname="automation.testscript.AlertPopUp" name="alertpopup" time="20.746"/>
  <system-out/>
</testsuite> <!-- automation.testscript.AlertPopUp -->
