<?xml version="1.0" encoding="UTF-8"?>
<!-- Generated by org.testng.reporters.JUnitReportReporter -->
<testsuite hostname="DESKTOP-64G5VC5" failures="0" tests="1" name="automation.testscript.HiddenDivisionPopup" time="21.727" errors="0" timestamp="2022-11-16T19:05:39 IST" skipped="0">
  <testcase classname="automation.testscript.HiddenDivisionPopup" name="HiddenPopup" time="21.727"/>
  <system-out/>
</testsuite> <!-- automation.testscript.HiddenDivisionPopup -->
