<?xml version="1.0" encoding="UTF-8"?>
<!-- Generated by org.testng.reporters.JUnitReportReporter -->
<testsuite hostname="DESKTOP-64G5VC5" failures="0" tests="1" name="automation.testscript.ListBoxHandling" time="16.985" errors="0" timestamp="2022-11-16T19:05:39 IST" skipped="0">
  <testcase classname="automation.testscript.ListBoxHandling" name="dropdownHandling" time="16.985"/>
  <system-out/>
</testsuite> <!-- automation.testscript.ListBoxHandling -->
